<?xml version="1.0" encoding="UTF-8"?>
<!-- Generated by org.testng.reporters.JUnitReportReporter -->
<testsuite hostname="Alexandra" failures="0" tests="4" name="testeautomate.TestLogin" time="22.629" errors="0" timestamp="2025-03-08T13:41:50 EET" skipped="0">
  <testcase classname="testeautomate.TestLogin" name="testClickContButton" time="1.182"/>
  <testcase classname="testeautomate.TestLogin" name="testEnterCredentials" time="9.263"/>
  <testcase classname="testeautomate.TestLogin" name="testClickLoginButton" time="11.647"/>
  <testcase classname="testeautomate.TestLogin" name="testNavigateAfterLogin" time="0.537"/>
</testsuite> <!-- testeautomate.TestLogin -->
