<?xml version="1.0" encoding="UTF-8"?>
<!-- Generated by org.testng.reporters.JUnitReportReporter -->
<testsuite hostname="Alexandra" failures="0" tests="1" name="testeautomate.FinishOrder" time="5.306" errors="0" timestamp="2025-03-08T13:41:50 EET" skipped="0">
  <testcase classname="testeautomate.FinishOrder" name="testProceedToNextStep" time="5.306"/>
</testsuite> <!-- testeautomate.FinishOrder -->
