<?xml version="1.0" encoding="UTF-8"?>
<!-- Generated by org.testng.reporters.JUnitReportReporter -->
<testsuite hostname="Alexandra" failures="0" tests="1" name="testeautomate.FirstProductAddToCart" time="5.279" errors="0" timestamp="2025-03-08T13:41:50 EET" skipped="0">
  <testcase classname="testeautomate.FirstProductAddToCart" name="testAddFirstProductToCart" time="5.279"/>
</testsuite> <!-- testeautomate.FirstProductAddToCart -->
